<?xml version="1.0" encoding="UTF-8"?>
<!-- Generated by org.testng.reporters.JUnitReportReporter -->
<testsuite hostname="DESKTOP-4ECN7Q7" failures="0" tests="4" name="com.sddevops.DevOpsProject.NewTest" time="1.062" errors="0" timestamp="25 Feb 2022 09:10:51 GMT">
  <testcase classname="com.sddevops.DevOpsProject.NewTest" name="Registration" time="0.353"/>
  <testcase classname="com.sddevops.DevOpsProject.NewTest" name="checkTitle" time="0.107"/>
  <testcase classname="com.sddevops.DevOpsProject.NewTest" name="Delete" time="0.190"/>
  <testcase classname="com.sddevops.DevOpsProject.NewTest" name="Edit" time="0.412"/>
</testsuite> <!-- com.sddevops.DevOpsProject.NewTest -->
