<?xml version="1.0" encoding="UTF-8"?>
<!-- Generated by org.testng.reporters.JUnitReportReporter -->
<testsuite hostname="DESKTOP-4ECN7Q7" failures="0" tests="4" name="com.sddevops.DevOpsProject.NewTest" time="1.036" errors="0" timestamp="25 Feb 2022 09:33:12 GMT">
  <testcase classname="com.sddevops.DevOpsProject.NewTest" name="Registration" time="0.357"/>
  <testcase classname="com.sddevops.DevOpsProject.NewTest" name="checkTitle" time="0.112"/>
  <testcase classname="com.sddevops.DevOpsProject.NewTest" name="Delete" time="0.179"/>
  <testcase classname="com.sddevops.DevOpsProject.NewTest" name="Edit" time="0.388"/>
</testsuite> <!-- com.sddevops.DevOpsProject.NewTest -->
